Tue Mar  4 09:22:21 PM CST 2025 - Creado: cpu_1741144941_6T7GwS (Tipo: cpu)
Tue Mar  4 09:22:21 PM CST 2025 - Creado: cpu_1741144941_ODZoB6 (Tipo: cpu)
Tue Mar  4 09:22:21 PM CST 2025 - Creado: io_1741144941_J7U4oe (Tipo: io)
Tue Mar  4 09:22:21 PM CST 2025 - Creado: ram_1741144941_ob1w31 (Tipo: ram)
Tue Mar  4 09:22:21 PM CST 2025 - Creado: cpu_1741144941_de7ViU (Tipo: cpu)
Tue Mar  4 09:22:21 PM CST 2025 - Creado: disk_1741144941_CfwvTE (Tipo: disk)
Tue Mar  4 09:22:21 PM CST 2025 - Creado: ram_1741144941_p95fxY (Tipo: ram)
Tue Mar  4 09:22:21 PM CST 2025 - Creado: io_1741144941_gRqfwq (Tipo: io)
Tue Mar  4 09:22:21 PM CST 2025 - Creado: io_1741144941_Ssdf5O (Tipo: io)
Tue Mar  4 09:22:21 PM CST 2025 - Creado: io_1741144941_EBehat (Tipo: io)
Tue Mar  4 09:24:39 PM CST 2025 - Creado: cpu_1741145073_qOZMtD (Tipo: cpu)
Tue Mar  4 09:24:39 PM CST 2025 - Creado: cpu_1741145079_0GjGUf (Tipo: cpu)
Tue Mar  4 09:24:40 PM CST 2025 - Creado: io_1741145079_o3w7QZ (Tipo: io)
Tue Mar  4 09:24:41 PM CST 2025 - Creado: ram_1741145080_V4yTKz (Tipo: ram)
Tue Mar  4 09:24:41 PM CST 2025 - Creado: disk_1741145081_kSSxb2 (Tipo: disk)
Tue Mar  4 09:24:42 PM CST 2025 - Creado: io_1741145081_x6cc4B (Tipo: io)
Tue Mar  4 09:24:42 PM CST 2025 - Creado: ram_1741145082_FaRQ6y (Tipo: ram)
Tue Mar  4 09:24:43 PM CST 2025 - Creado: disk_1741145082_CraQql (Tipo: disk)
Tue Mar  4 09:24:44 PM CST 2025 - Creado: cpu_1741145083_ed8a57 (Tipo: cpu)
Tue Mar  4 09:24:44 PM CST 2025 - Creado: cpu_1741145084_dkxWra (Tipo: cpu)
Tue Mar  4 09:51:01 PM CST 2025 - Creado: disk_1741146661_KbEnsF (Tipo: disk)
Tue Mar  4 09:51:02 PM CST 2025 - Creado: ram_1741146661_YigZ8N (Tipo: ram)
Tue Mar  4 09:51:03 PM CST 2025 - Creado: io_1741146662_f9eCJl (Tipo: io)
Tue Mar  4 09:51:03 PM CST 2025 - Creado: io_1741146663_HA0Fd3 (Tipo: io)
Tue Mar  4 09:51:04 PM CST 2025 - Creado: cpu_1741146663_PQSgR6 (Tipo: cpu)
Tue Mar  4 09:51:04 PM CST 2025 - Creado: ram_1741146664_rLgbQC (Tipo: ram)
Tue Mar  4 09:51:05 PM CST 2025 - Creado: disk_1741146664_pJADGC (Tipo: disk)
Tue Mar  4 09:51:05 PM CST 2025 - Creado: io_1741146665_JHlwvx (Tipo: io)
Tue Mar  4 09:51:06 PM CST 2025 - Creado: disk_1741146665_v9iMHP (Tipo: disk)
Tue Mar  4 09:51:06 PM CST 2025 - Creado: disk_1741146666_v8qOZI (Tipo: disk)
Tue Mar  4 10:08:33 PM CST 2025 - Creado: ram_1741147712_OgBUtQ (Tipo: ram)
Tue Mar  4 10:08:33 PM CST 2025 - Creado: cpu_1741147713_PNeDRj (Tipo: cpu)
Tue Mar  4 10:08:34 PM CST 2025 - Creado: cpu_1741147713_ALDe3k (Tipo: cpu)
Tue Mar  4 10:08:34 PM CST 2025 - Creado: ram_1741147714_KsZ3do (Tipo: ram)
Tue Mar  4 10:08:35 PM CST 2025 - Creado: disk_1741147714_zI5Oay (Tipo: disk)
Tue Mar  4 10:08:35 PM CST 2025 - Creado: ram_1741147715_AP62SG (Tipo: ram)
Tue Mar  4 10:08:36 PM CST 2025 - Creado: ram_1741147715_LOtBZo (Tipo: ram)
Tue Mar  4 10:08:36 PM CST 2025 - Creado: disk_1741147716_W4PY51 (Tipo: disk)
Tue Mar  4 10:08:37 PM CST 2025 - Creado: ram_1741147716_0NSPen (Tipo: ram)
Tue Mar  4 10:08:37 PM CST 2025 - Creado: cpu_1741147717_5CGYMv (Tipo: cpu)
Tue Mar  4 10:24:16 PM CST 2025 - Creado: io_1741148655_8WbClN (Tipo: io)
Tue Mar  4 10:24:16 PM CST 2025 - Creado: disk_1741148656_ua60YE (Tipo: disk)
Tue Mar  4 10:24:46 PM CST 2025 - Creado: io_1741148656_KSzebF (Tipo: io)
Tue Mar  4 10:24:46 PM CST 2025 - Creado: ram_1741148686_RVZTJo (Tipo: ram)
Tue Mar  4 10:24:49 PM CST 2025 - Creado: io_1741148686_P1aZxn (Tipo: io)
Tue Mar  4 10:25:18 PM CST 2025 - Creado: cpu_1741148689_qT2fII (Tipo: cpu)
Tue Mar  4 10:25:19 PM CST 2025 - Creado: cpu_1741148718_gJLrXz (Tipo: cpu)
Tue Mar  4 10:25:52 PM CST 2025 - Creado: io_1741148719_m0WVKi (Tipo: io)
Tue Mar  4 10:25:55 PM CST 2025 - Creado: disk_1741148752_IqGe8b (Tipo: disk)
Tue Mar  4 10:26:59 PM CST 2025 - Error al crear: ram_1741148755_EotIpH (Tipo: ram)
Tue Mar  4 10:29:22 PM CST 2025 - Creado: cpu_1741148962_BUAhx6 (Tipo: cpu)
Tue Mar  4 10:29:22 PM CST 2025 - Creado: cpu_1741148962_bMf3l9 (Tipo: cpu)
Tue Mar  4 10:29:23 PM CST 2025 - Creado: io_1741148962_gDL5DS (Tipo: io)
Tue Mar  4 10:29:23 PM CST 2025 - Creado: io_1741148963_pkDwyh (Tipo: io)
Tue Mar  4 10:29:24 PM CST 2025 - Creado: ram_1741148963_JzOjak (Tipo: ram)
Tue Mar  4 10:29:24 PM CST 2025 - Creado: cpu_1741148964_T7GqbX (Tipo: cpu)
Tue Mar  4 10:29:25 PM CST 2025 - Creado: ram_1741148964_zCuu1F (Tipo: ram)
Tue Mar  4 10:29:25 PM CST 2025 - Creado: ram_1741148965_BCGlwT (Tipo: ram)
Tue Mar  4 10:29:26 PM CST 2025 - Creado: cpu_1741148965_w2pMvd (Tipo: cpu)
Tue Mar  4 10:29:26 PM CST 2025 - Creado: ram_1741148966_OqhgQx (Tipo: ram)
